<?xml version="1.0" encoding="UTF-8"?>
<!-- Generated by org.testng.reporters.JUnitReportReporter -->
<testsuite hostname="DESKTOP-CN2NJUF" failures="0" tests="13" name="api.test.ProgramTests" time="7.072" errors="0" timestamp="2023-08-18T16:08:35 CDT" skipped="0">
  <testcase classname="api.test.ProgramTests" name="testPostProgram" time="1.927"/>
  <system-out/>
  <testcase classname="api.test.ProgramTests" name="PostProgram400" time="0.590"/>
  <system-out/>
  <testcase classname="api.test.ProgramTests" name="getoneprogramID" time="0.358"/>
  <system-out/>
  <testcase classname="api.test.ProgramTests" name="PostProgram500" time="0.397"/>
  <system-out/>
  <testcase classname="api.test.ProgramTests" name="getinvalidprogramID" time="0.319"/>
  <system-out/>
  <testcase classname="api.test.ProgramTests" name="PUTProgram" time="0.382"/>
  <system-out/>
  <testcase classname="api.test.ProgramTests" name="PUTinvalidProgramname" time="0.321"/>
  <system-out/>
  <testcase classname="api.test.ProgramTests" name="PUTProgram400" time="0.343"/>
  <system-out/>
  <testcase classname="api.test.ProgramTests" name="updatebyinvalidprogramID" time="0.342"/>
  <system-out/>
  <testcase classname="api.test.ProgramTests" name="PUTProgramID" time="0.474"/>
  <system-out/>
  <testcase classname="api.test.ProgramTests" name="PUTProgrambyID400" time="0.542"/>
  <system-out/>
  <testcase classname="api.test.ProgramTests" name="DELETEProgrambyID" time="0.549"/>
  <system-out/>
  <testcase classname="api.test.ProgramTests" name="DELETEProgrambyI404" time="0.528"/>
  <system-out/>
</testsuite> <!-- api.test.ProgramTests -->
