<?xml version="1.0" encoding="UTF-8"?>
<!-- Generated by org.testng.reporters.JUnitReportReporter -->
<testsuite hostname="DESKTOP-CN2NJUF" failures="0" tests="2" name="api.test.test" time="0.007" errors="0" timestamp="2023-08-16T18:31:58 CDT" skipped="0">
  <testcase classname="api.test.test" name="getallprogram" time="0.007"/>
  <system-out/>
  <testcase classname="api.test.test" name="testcreateprogram" time="0.000"/>
  <system-out/>
</testsuite> <!-- api.test.test -->
